<?xml version="1.0" encoding="UTF-8"?>
<!-- Generated by org.testng.reporters.JUnitReportReporter -->
<testsuite hostname="RLE1187" failures="0" tests="1" name="Runner.Swaggyrunner" time="136.793" errors="0" timestamp="2022-11-21T14:48:15 IST" skipped="0">
  <testcase classname="Runner.Swaggyrunner" name="feature" time="136.793"/>
  <system-out/>
</testsuite> <!-- Runner.Swaggyrunner -->
